Running: /opt/Xilinx/14.7/ISE_DS/ISE/bin/lin64/unwrapped/fuse -relaunch -intstyle "ise" -incremental -o "/home/ise/Projects/SPARTAN3E_music_game/song_writer_test_isim_beh.exe" -prj "/home/ise/Projects/SPARTAN3E_music_game/song_writer_test_beh.prj" "work.song_writer_test" 
ISim P.20131013 (signature 0xfbc00daa)
Number of CPUs detected in this system: 6
Turning on mult-threading, number of parallel sub-compilation jobs: 12 
Determining compilation order of HDL files
Parsing VHDL file "/home/ise/Projects/SPARTAN3E_music_game/song_writer.vhd" into library work
Parsing VHDL file "/home/ise/Projects/SPARTAN3E_music_game/song_writer_test.vhd" into library work
Starting static elaboration
Completed static elaboration
Fuse Memory Usage: 95300 KB
Fuse CPU Usage: 5460 ms
Compiling package standard
Compiling package std_logic_1164
Compiling architecture behavioral of entity song_writer [song_writer_default]
Compiling architecture behavior of entity song_writer_test
Time Resolution for simulation is 1ps.
Waiting for 1 sub-compilation(s) to finish...
Compiled 5 VHDL Units
Built simulation executable /home/ise/Projects/SPARTAN3E_music_game/song_writer_test_isim_beh.exe
Fuse Memory Usage: 921124 KB
Fuse CPU Usage: 5660 ms
GCC CPU Usage: 690 ms
